d:\directx11project\directx11_engine\directx11_engine\x64\debug\directx11_engine.pch
d:\directx11project\directx11_engine\directx11_engine\x64\debug\vc143.pdb
d:\directx11project\directx11_engine\directx11_engine\x64\debug\vc143.idb
d:\directx11project\directx11_engine\directx11_engine\x64\debug\errorlogger.obj
d:\directx11project\directx11_engine\directx11_engine\x64\debug\stringconverter.obj
d:\directx11project\directx11_engine\directx11_engine\x64\debug\winmain.obj
d:\directx11project\directx11_engine\directx11_engine\x64\debug\stdafx.obj
d:\directx11project\directx11_engine\directx11_engine\x64\debug\renderwindow.obj
d:\directx11project\directx11_engine\directx11_engine\x64\debug\engine.obj
d:\directx11project\directx11_engine\directx11_engine\x64\debug\windowcontainer.obj
d:\directx11project\directx11_engine\directx11_engine\x64\debug\keyboardevent.obj
d:\directx11project\directx11_engine\directx11_engine\x64\debug\mouseevent.obj
d:\directx11project\directx11_engine\directx11_engine\x64\debug\mouse.obj
d:\directx11project\directx11_engine\directx11_engine\x64\debug\keyboard.obj
d:\directx11project\directx11_engine\directx11_engine\x64\debug\graphics.obj
d:\directx11project\directx11_engine\directx11_engine\x64\debug\adapterreader.obj
d:\directx11project\directx11_engine\x64\debug\vertexshader.cso
d:\directx11project\directx11_engine\x64\debug\directx11_engine.exe
d:\directx11project\directx11_engine\directx11_engine\x64\debug\directx11_engine.ilk
d:\directx11project\directx11_engine\x64\debug\directx11_engine.pdb
d:\directx11project\directx11_engine\directx11_engine\x64\debug\directx11_engine.tlog\cl.command.1.tlog
d:\directx11project\directx11_engine\directx11_engine\x64\debug\directx11_engine.tlog\cl.read.1.tlog
d:\directx11project\directx11_engine\directx11_engine\x64\debug\directx11_engine.tlog\cl.write.1.tlog
d:\directx11project\directx11_engine\directx11_engine\x64\debug\directx11_engine.tlog\fxc.command.1.tlog
d:\directx11project\directx11_engine\directx11_engine\x64\debug\directx11_engine.tlog\fxc.read.1.tlog
d:\directx11project\directx11_engine\directx11_engine\x64\debug\directx11_engine.tlog\fxc.write.1.tlog
d:\directx11project\directx11_engine\directx11_engine\x64\debug\directx11_engine.tlog\link.command.1.tlog
d:\directx11project\directx11_engine\directx11_engine\x64\debug\directx11_engine.tlog\link.read.1.tlog
d:\directx11project\directx11_engine\directx11_engine\x64\debug\directx11_engine.tlog\link.write.1.tlog
